2018-08-11 19:08:683 INFO  LoginPageSteps:28 - launch application
2018-08-11 19:08:115 INFO  LoginPageSteps:35 - click on hamburger icon
2018-08-11 19:08:788 INFO  LoginPageSteps:28 - launch application
2018-08-11 19:08:248 INFO  LoginPageSteps:28 - launch application
2018-08-11 19:08:966 INFO  LoginPageSteps:28 - launch application
2018-08-11 19:08:962 INFO  LoginPageSteps:35 - click on hamburger icon
2018-08-11 19:08:112 INFO  LoginPageSteps:43 - click on register button
2018-08-11 21:08:806 INFO  LoginPageSteps:32 - launch application
2018-08-11 21:08:289 INFO  LoginPageSteps:39 - click on hamburger icon
2018-08-11 21:08:347 INFO  LoginPageSteps:32 - launch application
2018-08-11 21:08:597 INFO  LoginPageSteps:32 - launch application
2018-08-11 21:08:00 INFO  LoginPageSteps:32 - launch application
2018-08-11 21:08:164 INFO  LoginPageSteps:39 - click on hamburger icon
2018-08-11 21:08:270 INFO  LoginPageSteps:47 - click on register button
2018-08-11 21:08:710 INFO  LoginPageSteps:32 - launch application
2018-08-11 21:08:16 INFO  LoginPageSteps:39 - click on hamburger icon
2018-08-11 21:08:135 INFO  LoginPageSteps:47 - click on register button
2018-08-11 21:08:438 INFO  LoginPageSteps:32 - launch application
2018-08-11 21:08:681 INFO  LoginPageSteps:39 - click on hamburger icon
2018-08-11 21:08:818 INFO  LoginPageSteps:47 - click on register button
2018-08-11 21:08:418 INFO  LoginPageSteps:32 - launch application
2018-08-11 21:08:293 INFO  LoginPageSteps:39 - click on hamburger icon
2018-08-11 21:08:408 INFO  LoginPageSteps:47 - click on register button
2018-08-11 21:08:601 INFO  LoginPageSteps:32 - launch application
2018-08-11 21:08:557 INFO  LoginPageSteps:39 - click on hamburger icon
2018-08-11 21:08:670 INFO  LoginPageSteps:47 - click on register button
2018-08-11 21:08:436 INFO  LoginPageSteps:33 - launch application
2018-08-11 21:08:90 INFO  LoginPageSteps:40 - click on hamburger icon
2018-08-11 21:08:221 INFO  LoginPageSteps:48 - click on register button
2018-08-11 22:08:313 INFO  LoginPageSteps:33 - launch application
2018-08-11 22:08:566 INFO  LoginPageSteps:40 - click on hamburger icon
2018-08-11 22:08:701 INFO  LoginPageSteps:48 - click on register button
2018-08-11 22:08:161 INFO  LoginPageSteps:33 - launch application
2018-08-11 22:08:745 INFO  LoginPageSteps:40 - click on hamburger icon
2018-08-11 22:08:848 INFO  LoginPageSteps:48 - click on register button
2018-08-11 22:08:13 INFO  LoginPageSteps:33 - launch application
2018-08-11 22:08:621 INFO  LoginPageSteps:40 - click on hamburger icon
2018-08-11 22:08:815 INFO  LoginPageSteps:48 - click on register button
2018-08-11 22:08:807 INFO  LoginPageSteps:33 - launch application
2018-08-11 22:08:871 INFO  LoginPageSteps:40 - click on hamburger icon
2018-08-11 22:08:51 INFO  LoginPageSteps:48 - click on register button
2018-08-11 22:08:955 INFO  RegisterPageSteps:33 - launch application
2018-08-11 22:08:424 INFO  RegisterPageSteps:40 - click on hamburger icon
2018-08-11 22:08:571 INFO  RegisterPageSteps:48 - click on register button
2018-08-11 22:08:582 INFO  RegisterPageSteps:33 - launch application
2018-08-11 22:08:375 INFO  RegisterPageSteps:40 - click on hamburger icon
2018-08-11 22:08:490 INFO  RegisterPageSteps:48 - click on register button
2018-08-11 22:08:78 INFO  RegisterPageSteps:33 - launch application
2018-08-11 22:08:351 INFO  RegisterPageSteps:40 - click on hamburger icon
2018-08-11 22:08:497 INFO  RegisterPageSteps:48 - click on register button
2018-08-11 22:08:505 INFO  RegisterPageSteps:33 - launch application
2018-08-11 22:08:973 INFO  RegisterPageSteps:33 - launch application
2018-08-11 22:08:904 INFO  RegisterPageSteps:40 - click on hamburger icon
2018-08-11 22:08:31 INFO  RegisterPageSteps:48 - click on register button
2018-08-11 22:08:846 INFO  RegisterPageSteps:33 - launch application
2018-08-11 22:08:851 INFO  RegisterPageSteps:40 - click on hamburger icon
2018-08-11 22:08:984 INFO  RegisterPageSteps:48 - click on register button
2018-08-11 22:08:761 INFO  RegisterPageSteps:33 - launch application
2018-08-11 22:08:406 INFO  RegisterPageSteps:40 - click on hamburger icon
2018-08-11 22:08:525 INFO  RegisterPageSteps:48 - click on register button
2018-08-11 22:08:707 INFO  RegisterPageSteps:33 - launch application
2018-08-11 22:08:773 INFO  RegisterPageSteps:40 - click on hamburger icon
2018-08-11 22:08:876 INFO  RegisterPageSteps:48 - click on register button
2018-08-11 22:08:998 INFO  RegisterPageSteps:33 - launch application
2018-08-11 22:08:912 INFO  RegisterPageSteps:40 - click on hamburger icon
2018-08-11 22:08:45 INFO  RegisterPageSteps:48 - click on register button
2018-08-11 22:08:328 INFO  RegisterPageSteps:33 - launch application
2018-08-11 22:08:949 INFO  RegisterPageSteps:40 - click on hamburger icon
2018-08-11 22:08:72 INFO  RegisterPageSteps:48 - click on register button
2018-08-11 23:08:743 INFO  RegisterPageSteps:33 - launch application
2018-08-11 23:08:147 INFO  RegisterPageSteps:40 - click on hamburger icon
2018-08-11 23:08:283 INFO  RegisterPageSteps:48 - click on register button
2018-08-11 23:08:23 INFO  RegisterPageSteps:33 - launch application
2018-08-11 23:08:283 INFO  RegisterPageSteps:40 - click on hamburger icon
2018-08-11 23:08:428 INFO  RegisterPageSteps:48 - click on register button
2018-08-11 23:08:213 INFO  RegisterPageSteps:33 - launch application
2018-08-11 23:08:423 INFO  RegisterPageSteps:40 - click on hamburger icon
2018-08-11 23:08:538 INFO  RegisterPageSteps:48 - click on register button
2018-08-11 23:08:601 INFO  RegisterPageSteps:33 - launch application
2018-08-11 23:08:497 INFO  RegisterPageSteps:40 - click on hamburger icon
2018-08-11 23:08:673 INFO  RegisterPageSteps:48 - click on register button
2018-08-11 23:08:820 INFO  RegisterPageSteps:33 - launch application
2018-08-11 23:08:60 INFO  RegisterPageSteps:33 - launch application
2018-08-11 23:08:464 INFO  RegisterPageSteps:40 - click on hamburger icon
2018-08-11 23:08:571 INFO  RegisterPageSteps:48 - click on register button
2018-08-12 13:08:943 INFO  RegisterPageSteps:33 - launch application
2018-08-12 13:08:674 INFO  RegisterPageSteps:40 - click on hamburger icon
2018-08-12 13:08:806 INFO  RegisterPageSteps:48 - click on register button
2018-08-12 13:08:693 INFO  RegisterPageSteps:30 - launch application
2018-08-12 13:08:933 INFO  RegisterPageSteps:37 - click on hamburger icon
2018-08-12 13:08:79 INFO  RegisterPageSteps:45 - click on register button
2018-08-12 13:08:38 INFO  RegisterPageSteps:30 - launch application
2018-08-12 13:08:940 INFO  RegisterPageSteps:37 - click on hamburger icon
2018-08-12 13:08:86 INFO  RegisterPageSteps:45 - click on register button
2018-08-12 13:08:39 INFO  RegisterPageSteps:30 - launch application
2018-08-12 13:08:899 INFO  RegisterPageSteps:37 - click on hamburger icon
2018-08-12 13:08:05 INFO  RegisterPageSteps:45 - click on register button
2018-08-12 13:08:926 INFO  RegisterPageSteps:30 - launch application
2018-08-12 13:08:08 INFO  RegisterPageSteps:37 - click on hamburger icon
2018-08-12 13:08:146 INFO  RegisterPageSteps:45 - click on register button
2018-08-12 13:08:683 INFO  RegisterPageSteps:30 - launch application
2018-08-12 13:08:419 INFO  RegisterPageSteps:37 - click on hamburger icon
2018-08-12 13:08:555 INFO  RegisterPageSteps:45 - click on register button
2018-08-12 13:08:847 INFO  RegisterPageSteps:30 - launch application
2018-08-12 13:08:618 INFO  RegisterPageSteps:37 - click on hamburger icon
2018-08-12 13:08:730 INFO  RegisterPageSteps:45 - click on register button
2018-08-12 13:08:856 INFO  RegisterPageSteps:30 - launch application
2018-08-12 13:08:573 INFO  RegisterPageSteps:37 - click on hamburger icon
2018-08-12 13:08:772 INFO  RegisterPageSteps:45 - click on register button
2018-08-12 13:08:300 INFO  RegisterPageSteps:30 - launch application
2018-08-12 13:08:926 INFO  RegisterPageSteps:37 - click on hamburger icon
2018-08-12 13:08:109 INFO  RegisterPageSteps:45 - click on register button
2018-08-12 13:08:959 INFO  RegisterPageSteps:30 - launch application
2018-08-12 13:08:729 INFO  RegisterPageSteps:37 - click on hamburger icon
2018-08-12 13:08:880 INFO  RegisterPageSteps:45 - click on register button
2018-08-12 13:08:344 INFO  RegisterPageSteps:30 - launch application
2018-08-12 13:08:92 INFO  RegisterPageSteps:37 - click on hamburger icon
2018-08-12 13:08:311 INFO  RegisterPageSteps:45 - click on register button
2018-08-12 13:08:414 INFO  RegisterPageSteps:30 - launch application
2018-08-12 13:08:106 INFO  RegisterPageSteps:30 - launch application
2018-08-12 13:08:626 INFO  RegisterPageSteps:37 - click on hamburger icon
2018-08-12 13:08:758 INFO  RegisterPageSteps:45 - click on register button
2018-08-12 13:08:572 INFO  RegisterPageSteps:30 - launch application
2018-08-12 13:08:15 INFO  RegisterPageSteps:37 - click on hamburger icon
2018-08-12 13:08:148 INFO  RegisterPageSteps:45 - click on register button
2018-08-12 13:08:450 INFO  RegisterPageSteps:30 - launch application
2018-08-12 13:08:758 INFO  RegisterPageSteps:37 - click on hamburger icon
2018-08-12 13:08:933 INFO  RegisterPageSteps:45 - click on register button
2018-08-12 13:08:977 INFO  RegisterPageSteps:30 - launch application
2018-08-12 13:08:859 INFO  RegisterPageSteps:37 - click on hamburger icon
2018-08-12 13:08:02 INFO  RegisterPageSteps:45 - click on register button
2018-08-12 13:08:344 INFO  RegisterPageSteps:30 - launch application
2018-08-12 13:08:280 INFO  RegisterPageSteps:37 - click on hamburger icon
2018-08-12 13:08:416 INFO  RegisterPageSteps:45 - click on register button
2018-08-12 13:08:959 INFO  RegisterPageSteps:30 - launch application
2018-08-12 13:08:423 INFO  RegisterPageSteps:37 - click on hamburger icon
2018-08-12 13:08:540 INFO  RegisterPageSteps:45 - click on register button
2018-08-12 14:08:153 INFO  RegisterPageSteps:30 - launch application
2018-08-12 14:08:260 INFO  RegisterPageSteps:37 - click on hamburger icon
2018-08-12 14:08:369 INFO  RegisterPageSteps:45 - click on register button
2018-08-12 14:08:898 INFO  RegisterPageSteps:30 - launch application
2018-08-12 14:08:913 INFO  RegisterPageSteps:37 - click on hamburger icon
2018-08-12 14:08:50 INFO  RegisterPageSteps:45 - click on register button
2018-08-12 14:08:586 INFO  RegisterPageSteps:30 - launch application
2018-08-12 14:08:107 INFO  RegisterPageSteps:37 - click on hamburger icon
2018-08-12 14:08:238 INFO  RegisterPageSteps:45 - click on register button
2018-08-12 14:08:738 INFO  RegisterPageSteps:30 - launch application
2018-08-12 14:08:314 INFO  RegisterPageSteps:37 - click on hamburger icon
2018-08-12 14:08:464 INFO  RegisterPageSteps:45 - click on register button
2018-08-12 14:08:892 INFO  RegisterPageSteps:30 - launch application
2018-08-12 14:08:784 INFO  RegisterPageSteps:37 - click on hamburger icon
2018-08-12 14:08:979 INFO  RegisterPageSteps:45 - click on register button
2018-08-12 19:08:878 INFO  RegisterPageSteps:30 - launch application
2018-08-12 19:08:217 INFO  RegisterPageSteps:37 - click on hamburger icon
2018-08-13 09:08:145 INFO  RegisterPageSteps:30 - launch application
2018-08-13 09:08:165 INFO  RegisterPageSteps:37 - click on hamburger icon
2018-08-13 09:08:273 INFO  RegisterPageSteps:45 - click on register button
2018-08-13 09:08:445 INFO  RegisterPageSteps:30 - launch application
2018-08-13 09:08:44 INFO  RegisterPageSteps:37 - click on hamburger icon
2018-08-13 09:08:160 INFO  RegisterPageSteps:45 - click on register button
2018-08-13 09:08:696 INFO  RegisterPageSteps:30 - launch application
2018-08-13 09:08:517 INFO  RegisterPageSteps:37 - click on hamburger icon
2018-08-13 09:08:626 INFO  RegisterPageSteps:45 - click on register button
2018-08-13 09:08:469 INFO  RegisterPageSteps:30 - launch application
2018-08-13 09:08:468 INFO  RegisterPageSteps:37 - click on hamburger icon
2018-08-13 09:08:586 INFO  RegisterPageSteps:45 - click on register button
2018-08-13 09:08:598 INFO  RegisterPageSteps:30 - launch application
2018-08-13 09:08:757 INFO  RegisterPageSteps:37 - click on hamburger icon
2018-08-13 09:08:875 INFO  RegisterPageSteps:45 - click on register button
2018-08-13 09:08:280 INFO  RegisterPageSteps:30 - launch application
2018-08-13 09:08:502 INFO  RegisterPageSteps:37 - click on hamburger icon
2018-08-13 09:08:615 INFO  RegisterPageSteps:45 - click on register button
2018-08-13 09:08:401 INFO  RegisterPageSteps:30 - launch application
2018-08-13 09:08:170 INFO  RegisterPageSteps:37 - click on hamburger icon
2018-08-13 09:08:314 INFO  RegisterPageSteps:45 - click on register button
2018-08-13 09:08:405 INFO  RegisterPageSteps:30 - launch application
2018-08-13 09:08:106 INFO  RegisterPageSteps:37 - click on hamburger icon
2018-08-13 09:08:215 INFO  RegisterPageSteps:45 - click on register button
2018-08-13 09:08:724 INFO  RegisterPageSteps:30 - launch application
2018-08-13 09:08:224 INFO  RegisterPageSteps:37 - click on hamburger icon
2018-08-13 09:08:347 INFO  RegisterPageSteps:45 - click on register button
2018-08-13 09:08:586 INFO  RegisterPageSteps:30 - launch application
2018-08-13 09:08:243 INFO  RegisterPageSteps:37 - click on hamburger icon
2018-08-13 09:08:359 INFO  RegisterPageSteps:45 - click on register button
2018-08-13 09:08:749 INFO  RegisterPageSteps:30 - launch application
2018-08-13 09:08:622 INFO  RegisterPageSteps:37 - click on hamburger icon
2018-08-13 09:08:750 INFO  RegisterPageSteps:45 - click on register button
2018-08-13 09:08:600 INFO  RegisterPageSteps:30 - launch application
2018-08-13 09:08:945 INFO  RegisterPageSteps:37 - click on hamburger icon
2018-08-13 09:08:55 INFO  RegisterPageSteps:45 - click on register button
2018-08-13 09:08:210 INFO  RegisterPageSteps:30 - launch application
2018-08-13 09:08:81 INFO  RegisterPageSteps:37 - click on hamburger icon
2018-08-13 09:08:200 INFO  RegisterPageSteps:45 - click on register button
2018-08-13 09:08:187 INFO  RegisterPageSteps:30 - launch application
2018-08-13 09:08:865 INFO  RegisterPageSteps:30 - launch application
2018-08-13 09:08:554 INFO  RegisterPageSteps:37 - click on hamburger icon
2018-08-13 09:08:947 INFO  RegisterPageSteps:45 - click on register button
2018-08-13 09:08:95 INFO  RegisterPageSteps:30 - launch application
2018-08-13 09:08:132 INFO  RegisterPageSteps:37 - click on hamburger icon
2018-08-13 09:08:296 INFO  RegisterPageSteps:45 - click on register button
2018-08-13 09:08:824 INFO  RegisterPageSteps:30 - launch application
2018-08-13 09:08:852 INFO  RegisterPageSteps:37 - click on hamburger icon
2018-08-13 09:08:966 INFO  RegisterPageSteps:45 - click on register button
2018-08-13 09:08:894 INFO  RegisterPageSteps:30 - launch application
2018-08-13 09:08:76 INFO  RegisterPageSteps:37 - click on hamburger icon
2018-08-13 09:08:193 INFO  RegisterPageSteps:45 - click on register button
2018-08-13 09:08:680 INFO  RegisterPageSteps:30 - launch application
2018-08-13 09:08:696 INFO  RegisterPageSteps:37 - click on hamburger icon
2018-08-13 09:08:843 INFO  RegisterPageSteps:45 - click on register button
2018-08-13 09:08:498 INFO  RegisterPageSteps:30 - launch application
2018-08-13 09:08:294 INFO  RegisterPageSteps:37 - click on hamburger icon
2018-08-13 09:08:404 INFO  RegisterPageSteps:45 - click on register button
